Nonterminals useless in grammar

   longinteger


Terminals unused in grammar

   IDENTIFIER
   "l"
   "L"


Rules useless in grammar

    8 longinteger: integer "l"
    9            | integer "L"


Грамматика

    0 $accept: program $end

    1 program: stringliteral
    2        | integer

    3 stringliteral: SHORTSTRING
    4              | LONGSTRING

    5 integer: DECINTEGER
    6        | OCTINTEGER
    7        | HEXINTEGER


Терминальные символы с правилами, в которых они появляются

$end (0) 0
error (256)
IDENTIFIER (258)
SHORTSTRING (259) 3
LONGSTRING (260) 4
DECINTEGER (261) 5
OCTINTEGER (262) 6
HEXINTEGER (263) 7
"l" (264)
"L" (265)


Нетерминальные символы с правилами, в которых они появляются

$accept (11)
    налево: 0
program (12)
    налево: 1 2, направо: 0
stringliteral (13)
    налево: 3 4, направо: 1
integer (14)
    налево: 5 6 7, направо: 2


состояние 0

    0 $accept: . program $end

    SHORTSTRING  сдвиг, и переход в состояние 1
    LONGSTRING   сдвиг, и переход в состояние 2
    DECINTEGER   сдвиг, и переход в состояние 3
    OCTINTEGER   сдвиг, и переход в состояние 4
    HEXINTEGER   сдвиг, и переход в состояние 5

    program        переход в состояние 6
    stringliteral  переход в состояние 7
    integer        переход в состояние 8


состояние 1

    3 stringliteral: SHORTSTRING .

    $default  вывод с использованием правила 3 (stringliteral)


состояние 2

    4 stringliteral: LONGSTRING .

    $default  вывод с использованием правила 4 (stringliteral)


состояние 3

    5 integer: DECINTEGER .

    $default  вывод с использованием правила 5 (integer)


состояние 4

    6 integer: OCTINTEGER .

    $default  вывод с использованием правила 6 (integer)


состояние 5

    7 integer: HEXINTEGER .

    $default  вывод с использованием правила 7 (integer)


состояние 6

    0 $accept: program . $end

    $end  сдвиг, и переход в состояние 9


состояние 7

    1 program: stringliteral .

    $default  вывод с использованием правила 1 (program)


состояние 8

    2 program: integer .

    $default  вывод с использованием правила 2 (program)


состояние 9

    0 $accept: program $end .

    $default  accept
